<?xml version="1.0" encoding="UTF-8"?>
<TestRun id="f8e21160-63cd-476f-b8ec-c48d104920a3" name="heitor@PCPAI 2016-10-19 00:08:24" runUser="pcpai\heitor" xmlns="http://microsoft.com/schemas/VisualStudio/TeamTest/2010">
  <TestSettings name="Local" id="85043d24-9d6f-453c-892d-617b3287462a">
    <Description>These are default test settings for a local test run.</Description>
    <Execution>
      <TestTypeSpecific>
        <WebTestRunConfiguration testTypeId="4e7599fa-5ecb-43e9-a887-cd63cf72d207">
          <Browser name="Internet Explorer 9.0" MaxConnections="6">
            <Headers>
              <Header name="User-Agent" value="Mozilla/5.0 (compatible; MSIE 9.0; Windows NT 6.1; Trident/5.0)" />
              <Header name="Accept" value="*/*" />
              <Header name="Accept-Language" value="{{$IEAcceptLanguage}}" />
              <Header name="Accept-Encoding" value="GZIP" />
            </Headers>
          </Browser>
        </WebTestRunConfiguration>
      </TestTypeSpecific>
      <AgentRule name="Execution Agents">
      </AgentRule>
    </Execution>
    <Deployment runDeploymentRoot="heitor_PCPAI 2016-10-19 00_08_24" />
    <Properties>
      <Property name="TestSettingsUIType" value="LoadTest" />
    </Properties>
  </TestSettings>
  <Times creation="2016-10-19T00:08:24.9455617-02:00" queuing="2016-10-19T00:08:25.1793095-02:00" start="2016-10-19T00:08:25.2523587-02:00" finish="2016-10-19T00:08:36.3594450-02:00" />
  <ResultSummary outcome="Completed">
    <Counters total="1" executed="1" passed="1" error="0" failed="0" timeout="0" aborted="0" inconclusive="0" passedButRunAborted="0" notRunnable="0" notExecuted="0" disconnected="0" warning="0" completed="0" inProgress="0" pending="0" />
  </ResultSummary>
  <TestDefinitions>
    <WebTest name="WebTest1" storage="c:\users\heitor\documents\visual studio 2013\projects\webandloadtestproject1serilog\webandloadtestproject1serilog\webtest1.webtest" id="a0e926ff-c8cc-4bb0-9ed9-c8aefcf45df1" persistedWebTest="77u/PD94bWwgdmVyc2lvbj0iMS4wIiBlbmNvZGluZz0iVVRGLTgiIHN0YW5kYWxvbmU9InllcyI/Pg0KPFdlYlRlc3QgTmFtZT0iV2ViVGVzdDEiIElkPSJhMGU5MjZmZi1jOGNjLTRiYjAtOWVkOS1jOGFlZmNmNDVkZjEiIE93bmVyPSIiIFByaW9yaXR5PSIyMTQ3NDgzNjQ3IiBFbmFibGVkPSJUcnVlIiBDc3NQcm9qZWN0U3RydWN0dXJlPSIiIENzc0l0ZXJhdGlvbj0iIiBUaW1lb3V0PSIwIiBXb3JrSXRlbUlkcz0iIiB4bWxucz0iaHR0cDovL21pY3Jvc29mdC5jb20vc2NoZW1hcy9WaXN1YWxTdHVkaW8vVGVhbVRlc3QvMjAxMCIgRGVzY3JpcHRpb249IiIgQ3JlZGVudGlhbFVzZXJOYW1lPSIiIENyZWRlbnRpYWxQYXNzd29yZD0iIiBQcmVBdXRoZW50aWNhdGU9IlRydWUiIFByb3h5PSJkZWZhdWx0IiBTdG9wT25FcnJvcj0iRmFsc2UiIFJlY29yZGVkUmVzdWx0RmlsZT0iIiBSZXN1bHRzTG9jYWxlPSIiPg0KICA8SXRlbXM+DQogICAgPExvb3AgVW5pcXVlU3RyaW5nSWQ9IjQzYTMyOGJjLWQ3ZjItNGZhNC1hOTgwLTFhZWMzYWUyMzFjYSI+DQogICAgICA8Q29uZGl0aW9uYWxSdWxlIENsYXNzbmFtZT0iTWljcm9zb2Z0LlZpc3VhbFN0dWRpby5UZXN0VG9vbHMuV2ViVGVzdGluZy5SdWxlcy5Gb3JMb29wUnVsZSwgTWljcm9zb2Z0LlZpc3VhbFN0dWRpby5RdWFsaXR5VG9vbHMuV2ViVGVzdEZyYW1ld29yaywgVmVyc2lvbj0xMC4wLjAuMCwgQ3VsdHVyZT1uZXV0cmFsLCBQdWJsaWNLZXlUb2tlbj1iMDNmNWY3ZjExZDUwYTNhIiBEaXNwbGF5TmFtZT0iRm9yIExvb3AiIERlc2NyaXB0aW9uPSJUaGUgcnVsZSByZXByZXNlbnRzIGEgdHJhZGl0aW9uYWwgJnF1b3Q7Zm9yJnF1b3Q7IGxvb3AuIFRoZSBjb250ZXh0IHBhcmFtZXRlciBpcyBpbml0aWFsaXplZCBiZWZvcmUgdGhlIGZpcnN0IGxvb3AgaXRlcmF0aW9uLiBUaGUgbG9vcCBzdGF0ZW1lbnRzIGdldCBleGVjdXRlZCB3aGlsZSB0aGUgY29udGVudCBvZiB0aGUgY29udGV4dCBwYXJhbWV0ZXIgc2F0aXNmaWVzIHRoZSBjb21wYXJpc29uIHdpdGggdGhlIHByb3ZpZGVkIHZhbHVlLiBUaGUgc3RlcCB2YWx1ZSBpcyBhcHBsaWVkIGF0IHRoZSBlbmQgb2YgZWFjaCBsb29wIGl0ZXJhdGlvbi4iIE1heEl0ZXJhdGlvbnM9IjEwIiBBZHZhbmNlRGF0YUN1cnNvcnM9IlRydWUiPg0KICAgICAgICA8UnVsZVBhcmFtZXRlcnM+DQogICAgICAgICAgPFJ1bGVQYXJhbWV0ZXIgTmFtZT0iQ29udGV4dFBhcmFtZXRlck5hbWUiIFZhbHVlPSJzZSIgLz4NCiAgICAgICAgICA8UnVsZVBhcmFtZXRlciBOYW1lPSJDb21wYXJpc29uT3BlcmF0b3IiIFZhbHVlPSImbHQ7IiAvPg0KICAgICAgICAgIDxSdWxlUGFyYW1ldGVyIE5hbWU9IlRlcm1pbmF0aW5nVmFsdWUiIFZhbHVlPSIxMCIgLz4NCiAgICAgICAgICA8UnVsZVBhcmFtZXRlciBOYW1lPSJJbml0aWFsVmFsdWUiIFZhbHVlPSIwIiAvPg0KICAgICAgICAgIDxSdWxlUGFyYW1ldGVyIE5hbWU9IkluY3JlbWVudFZhbHVlIiBWYWx1ZT0iMSIgLz4NCiAgICAgICAgPC9SdWxlUGFyYW1ldGVycz4NCiAgICAgIDwvQ29uZGl0aW9uYWxSdWxlPg0KICAgICAgPEl0ZW1zPg0KICAgICAgICA8UmVxdWVzdCBNZXRob2Q9IkdFVCIgR3VpZD0iYzhlY2Y5YTItMmM5My00M2ZjLThhZTktNzlmZjdjMjViYjlkIiBWZXJzaW9uPSIxLjEiIFVybD0iaHR0cDovL2xvY2FsaG9zdDoxNTc2OC8iIFRoaW5rVGltZT0iMCIgVGltZW91dD0iMzAwIiBQYXJzZURlcGVuZGVudFJlcXVlc3RzPSJUcnVlIiBGb2xsb3dSZWRpcmVjdHM9IlRydWUiIFJlY29yZFJlc3VsdD0iVHJ1ZSIgQ2FjaGU9IkZhbHNlIiBSZXNwb25zZVRpbWVHb2FsPSIwIiBFbmNvZGluZz0idXRmLTgiIEV4cGVjdGVkSHR0cFN0YXR1c0NvZGU9IjAiIEV4cGVjdGVkUmVzcG9uc2VVcmw9IiIgUmVwb3J0aW5nTmFtZT0iIiBJZ25vcmVIdHRwU3RhdHVzQ29kZT0iRmFsc2UiIC8+DQogICAgICA8L0l0ZW1zPg0KICAgIDwvTG9vcD4NCiAgPC9JdGVtcz4NCiAgPFZhbGlkYXRpb25SdWxlcz4NCiAgICA8VmFsaWRhdGlvblJ1bGUgQ2xhc3NuYW1lPSJNaWNyb3NvZnQuVmlzdWFsU3R1ZGlvLlRlc3RUb29scy5XZWJUZXN0aW5nLlJ1bGVzLlZhbGlkYXRlUmVzcG9uc2VVcmwsIE1pY3Jvc29mdC5WaXN1YWxTdHVkaW8uUXVhbGl0eVRvb2xzLldlYlRlc3RGcmFtZXdvcmssIFZlcnNpb249MTAuMC4wLjAsIEN1bHR1cmU9bmV1dHJhbCwgUHVibGljS2V5VG9rZW49YjAzZjVmN2YxMWQ1MGEzYSIgRGlzcGxheU5hbWU9IlJlc3BvbnNlIFVSTCIgRGVzY3JpcHRpb249IlZhbGlkYXRlcyB0aGF0IHRoZSByZXNwb25zZSBVUkwgYWZ0ZXIgcmVkaXJlY3RzIGFyZSBmb2xsb3dlZCBpcyB0aGUgc2FtZSBhcyB0aGUgcmVjb3JkZWQgcmVzcG9uc2UgVVJMLiAgUXVlcnlTdHJpbmcgcGFyYW1ldGVycyBhcmUgaWdub3JlZC4iIExldmVsPSJMb3ciIEV4ZWN0dWlvbk9yZGVyPSJCZWZvcmVEZXBlbmRlbnRzIiAvPg0KICAgIDxWYWxpZGF0aW9uUnVsZSBDbGFzc25hbWU9Ik1pY3Jvc29mdC5WaXN1YWxTdHVkaW8uVGVzdFRvb2xzLldlYlRlc3RpbmcuUnVsZXMuVmFsaWRhdGlvblJ1bGVSZXNwb25zZVRpbWVHb2FsLCBNaWNyb3NvZnQuVmlzdWFsU3R1ZGlvLlF1YWxpdHlUb29scy5XZWJUZXN0RnJhbWV3b3JrLCBWZXJzaW9uPTEwLjAuMC4wLCBDdWx0dXJlPW5ldXRyYWwsIFB1YmxpY0tleVRva2VuPWIwM2Y1ZjdmMTFkNTBhM2EiIERpc3BsYXlOYW1lPSJSZXNwb25zZSBUaW1lIEdvYWwiIERlc2NyaXB0aW9uPSJWYWxpZGF0ZXMgdGhhdCB0aGUgcmVzcG9uc2UgdGltZSBmb3IgdGhlIHJlcXVlc3QgaXMgbGVzcyB0aGFuIG9yIGVxdWFsIHRvIHRoZSByZXNwb25zZSB0aW1lIGdvYWwgYXMgc3BlY2lmaWVkIG9uIHRoZSByZXF1ZXN0LiAgUmVzcG9uc2UgdGltZSBnb2FscyBvZiB6ZXJvIHdpbGwgYmUgaWdub3JlZC4iIExldmVsPSJMb3ciIEV4ZWN0dWlvbk9yZGVyPSJBZnRlckRlcGVuZGVudHMiPg0KICAgICAgPFJ1bGVQYXJhbWV0ZXJzPg0KICAgICAgICA8UnVsZVBhcmFtZXRlciBOYW1lPSJUb2xlcmFuY2UiIFZhbHVlPSIwIiAvPg0KICAgICAgPC9SdWxlUGFyYW1ldGVycz4NCiAgICA8L1ZhbGlkYXRpb25SdWxlPg0KICA8L1ZhbGlkYXRpb25SdWxlcz4NCjwvV2ViVGVzdD4=">
      <Execution id="9376bd24-88e2-4996-9d8f-65f3055319bf" />
    </WebTest>
  </TestDefinitions>
  <TestLists>
    <TestList name="Results Not in a List" id="8c84fa94-04c1-424b-9868-57a2d4851a1d" />
    <TestList name="All Loaded Results" id="19431567-8539-422a-85d7-44ee4e166bda" />
  </TestLists>
  <TestEntries>
    <TestEntry isTransparent="false" testId="a0e926ff-c8cc-4bb0-9ed9-c8aefcf45df1" executionId="9376bd24-88e2-4996-9d8f-65f3055319bf" testListId="8c84fa94-04c1-424b-9868-57a2d4851a1d" />
  </TestEntries>
  <Results>
    <WebTestResult executionId="9376bd24-88e2-4996-9d8f-65f3055319bf" testId="a0e926ff-c8cc-4bb0-9ed9-c8aefcf45df1" testName="WebTest1" computerName="PCPAI" duration="00:00:00.4461294" startTime="2016-10-19T00:08:25.2963850-02:00" endTime="2016-10-19T00:08:36.3254229-02:00" testType="4e7599fa-5ecb-43e9-a887-cd63cf72d207" outcome="Passed" testListId="8c84fa94-04c1-424b-9868-57a2d4851a1d" relativeResultsDirectory="9376bd24-88e2-4996-9d8f-65f3055319bf">
      <ResultFiles>
        <ResultFile path="WebTest1.webtestResult" />
      </ResultFiles>
      <TestSettings name="Local" id="85043d24-9d6f-453c-892d-617b3287462a">
        <Description>These are default test settings for a local test run.</Description>
        <Execution>
          <TestTypeSpecific>
            <WebTestRunConfiguration testTypeId="4e7599fa-5ecb-43e9-a887-cd63cf72d207">
              <Browser name="Internet Explorer 9.0" MaxConnections="6">
                <Headers>
                  <Header name="User-Agent" value="Mozilla/5.0 (compatible; MSIE 9.0; Windows NT 6.1; Trident/5.0)" />
                  <Header name="Accept" value="*/*" />
                  <Header name="Accept-Language" value="{{$IEAcceptLanguage}}" />
                  <Header name="Accept-Encoding" value="GZIP" />
                </Headers>
              </Browser>
            </WebTestRunConfiguration>
          </TestTypeSpecific>
          <AgentRule name="Execution Agents">
          </AgentRule>
        </Execution>
        <Deployment runDeploymentRoot="heitor_PCPAI 2016-10-19 00_08_24" />
        <Properties>
          <Property name="TestSettingsUIType" value="LoadTest" />
        </Properties>
      </TestSettings>
      <WebTestResultFilePath>heitor_PCPAI 2016-10-19 00_08_24\In\9376bd24-88e2-4996-9d8f-65f3055319bf\WebTest1.webtestResult</WebTestResultFilePath>
    </WebTestResult>
  </Results>
</TestRun>